#
# A fatal error has been detected by the Java Runtime Environment:
#
#  EXCEPTION_ILLEGAL_INSTRUCTION (0xc000001d) at pc=0x0000000057944cf4, pid=30684, tid=0x0000000000005588
#
# JRE version: Java(TM) SE Runtime Environment (8.0_161-b12) (build 1.8.0_161-b12)
# Java VM: Java HotSpot(TM) 64-Bit Server VM (25.161-b12 mixed mode windows-amd64 compressed oops)
# Problematic frame:
# V  [jvm.dll+0x114cf4]
#
# Failed to write core dump. Minidumps are not enabled by default on client versions of Windows
#
# If you would like to submit a bug report, please visit:
#   http://bugreport.java.com/bugreport/crash.jsp
#

---------------  T H R E A D  ---------------

Current thread (0x0000000004940800):  GCTaskThread [stack: 0x0000000014e30000,0x0000000014f30000] [id=21896]

siginfo: ExceptionCode=0xc000001d

Registers:
RAX=0x000000000001e180, RBX=0x00000006cd1c8e20, RCX=0x000000001fd04c38, RDX=0x000000001d7b3c94
RSP=0x0000000014f2fc00, RBP=0x00000006cd1c8e1c, RSI=0x0000000000000004, RDI=0x0000000004a01b00
R8 =0x0000000000000004, R9 =0x0000000000000004, R10=0x000000000000000c, R11=0x000000000001e17f
R12=0x00000006cd1c8e1c, R13=0x00000007c001c510, R14=0x00000007c001c518, R15=0x00000006cd1c8e00
RIP=0x0000000057944cf4, EFLAGS=0x0000000000010282

Top of Stack: (sp=0x0000000014f2fc00)
0x0000000014f2fc00:   00000006cd1c8e20 00000006cd1c8e18
0x0000000014f2fc10:   0000000000000004 0000000004a01b00
0x0000000014f2fc20:   0000000004940cc0 0000000004940cb0
0x0000000014f2fc30:   0000000004932540 0000000000000003
0x0000000014f2fc40:   0000000004a01b00 0000000057c26307
0x0000000014f2fc50:   000000001fd04c38 0000000000000000
0x0000000014f2fc60:   00000000252cf790 0000000057e85c28
0x0000000014f2fc70:   0000000000000000 0000000000000000
0x0000000014f2fc80:   00000000252cf790 0000000057c2380e
0x0000000014f2fc90:   000000006542fbe7 0000000004940800
0x0000000014f2fca0:   0000000000000000 00000006cd1c8e00
0x0000000014f2fcb0:   0000000004940800 00000000049418f0
0x0000000014f2fcc0:   00000000049420b0 00000000049420c0
0x0000000014f2fcd0:   0000000004942198 00000000000000d8
0x0000000014f2fce0:   0000000014f2fce8 0000000004940800
0x0000000014f2fcf0:   00000000049418f0 00000000049420b0 

Instructions: (pc=0x0000000057944cf4)
0x0000000057944cd4:   c8 48 ff 47 58 41 ba 0c 00 00 00 48 83 c5 04 49
0x0000000057944ce4:   3b ec 0f 82 44 fe ff ff 49 83 c5 08 4d 3b ee 0f
0x0000000057944cf4:   82 17 fe ff ff e9 eb 01 00 00 4d 3b ee 0f 83 e2
0x0000000057944d04:   01 00 00 41 ba 0c 00 00 00 0f 1f 00 49 63 6d 00 


Register to memory mapping:

RAX=0x000000000001e180 is an unknown value
RBX=0x00000006cd1c8e20 is an oop
java.util.HashMap$Node 
 - klass: 'java/util/HashMap$Node'
RCX=0x000000001fd04c38 is an unknown value
RDX=0x000000001d7b3c94 is an unknown value
RSP=0x0000000014f2fc00 is an unknown value
RBP=0x00000006cd1c8e1c is pointing into object: 0x00000006cd1c8e00
java.util.HashMap$Node 
 - klass: 'java/util/HashMap$Node'
RSI=0x0000000000000004 is an unknown value
RDI=0x0000000004a01b00 is an unknown value
R8 =0x0000000000000004 is an unknown value
R9 =0x0000000000000004 is an unknown value
R10=0x000000000000000c is an unknown value
R11=0x000000000001e17f is an unknown value
R12=0x00000006cd1c8e1c is pointing into object: 0x00000006cd1c8e00
java.util.HashMap$Node 
 - klass: 'java/util/HashMap$Node'
R13=0x00000007c001c510 is pointing into metadata
R14=0x00000007c001c518 is pointing into metadata
R15=0x00000006cd1c8e00 is an oop
java.util.HashMap$Node 
 - klass: 'java/util/HashMap$Node'


Stack: [0x0000000014e30000,0x0000000014f30000],  sp=0x0000000014f2fc00,  free space=1023k
Native frames: (J=compiled Java code, j=interpreted, Vv=VM code, C=native code)
V  [jvm.dll+0x114cf4]
V  [jvm.dll+0x3f6307]
V  [jvm.dll+0x3f380e]
V  [jvm.dll+0x29cc4a]
C  [msvcr100.dll+0x21d9f]
C  [msvcr100.dll+0x21e3b]
C  [KERNEL32.DLL+0x11fe4]
C  [ntdll.dll+0x6efc1]


---------------  P R O C E S S  ---------------

Java Threads: ( => current thread )
  0x000000002409e000 JavaThread "pool-1-thread-6" [_thread_blocked, id=12060, stack(0x0000000026d60000,0x0000000026e60000)]
  0x0000000023cec800 JavaThread "pool-1-thread-5" [_thread_blocked, id=13636, stack(0x0000000025c70000,0x0000000025d70000)]
  0x0000000024160800 JavaThread "pool-1-thread-4" [_thread_blocked, id=2256, stack(0x0000000025b70000,0x0000000025c70000)]
  0x00000000228a7000 JavaThread "pool-1-thread-3" [_thread_blocked, id=11108, stack(0x0000000024a80000,0x0000000024b80000)]
  0x000000002409c800 JavaThread "pool-1-thread-2" [_thread_blocked, id=24380, stack(0x0000000024980000,0x0000000024a80000)]
  0x000000002409b800 JavaThread "pool-1-thread-1" [_thread_blocked, id=11664, stack(0x0000000024880000,0x0000000024980000)]
  0x0000000022285800 JavaThread "Service Thread" daemon [_thread_blocked, id=24376, stack(0x00000000236b0000,0x00000000237b0000)]
  0x0000000022215800 JavaThread "C1 CompilerThread11" daemon [_thread_blocked, id=9368, stack(0x00000000235b0000,0x00000000236b0000)]
  0x0000000022214000 JavaThread "C1 CompilerThread10" daemon [_thread_blocked, id=29952, stack(0x00000000234b0000,0x00000000235b0000)]
  0x0000000022212000 JavaThread "C1 CompilerThread9" daemon [_thread_blocked, id=29040, stack(0x00000000233b0000,0x00000000234b0000)]
  0x0000000022216800 JavaThread "C1 CompilerThread8" daemon [_thread_blocked, id=24436, stack(0x00000000232b0000,0x00000000233b0000)]
  0x00000000221cb800 JavaThread "C2 CompilerThread7" daemon [_thread_blocked, id=10420, stack(0x00000000230b0000,0x00000000231b0000)]
  0x00000000221b8800 JavaThread "C2 CompilerThread6" daemon [_thread_blocked, id=27764, stack(0x0000000022fb0000,0x00000000230b0000)]
  0x00000000221b0000 JavaThread "C2 CompilerThread5" daemon [_thread_blocked, id=17724, stack(0x0000000022eb0000,0x0000000022fb0000)]
  0x00000000221a2000 JavaThread "C2 CompilerThread4" daemon [_thread_blocked, id=2440, stack(0x0000000022db0000,0x0000000022eb0000)]
  0x00000000221a1800 JavaThread "C2 CompilerThread3" daemon [_thread_blocked, id=14708, stack(0x0000000022cb0000,0x0000000022db0000)]
  0x00000000221a0800 JavaThread "C2 CompilerThread2" daemon [_thread_blocked, id=19536, stack(0x0000000022bb0000,0x0000000022cb0000)]
  0x000000002219e000 JavaThread "C2 CompilerThread1" daemon [_thread_blocked, id=23248, stack(0x0000000022ab0000,0x0000000022bb0000)]
  0x000000002219d000 JavaThread "C2 CompilerThread0" daemon [_thread_blocked, id=27136, stack(0x00000000229b0000,0x0000000022ab0000)]
  0x0000000022174000 JavaThread "Monitor Ctrl-Break" daemon [_thread_in_native, id=29340, stack(0x00000000228b0000,0x00000000229b0000)]
  0x000000002045f000 JavaThread "Attach Listener" daemon [_thread_blocked, id=7188, stack(0x0000000021fb0000,0x00000000220b0000)]
  0x000000002045c000 JavaThread "Signal Dispatcher" daemon [_thread_blocked, id=15332, stack(0x0000000021eb0000,0x0000000021fb0000)]
  0x0000000020446800 JavaThread "Finalizer" daemon [_thread_blocked, id=3116, stack(0x0000000021cc0000,0x0000000021dc0000)]
  0x000000001e9f2800 JavaThread "Reference Handler" daemon [_thread_blocked, id=1964, stack(0x0000000021bc0000,0x0000000021cc0000)]
  0x0000000004926000 JavaThread "main" [_thread_blocked, id=27772, stack(0x0000000004630000,0x0000000004730000)]

Other Threads:
  0x0000000020424800 VMThread [stack: 0x0000000021ac0000,0x0000000021bc0000] [id=6316]
  0x0000000022324000 WatcherThread [stack: 0x00000000237b0000,0x00000000238b0000] [id=14012]

=>0x0000000004940800 (exited) GCTaskThread [stack: 0x0000000014e30000,0x0000000014f30000] [id=21896]

VM state:at safepoint (normal execution)

VM Mutex/Monitor currently owned by a thread:  ([mutex/lock_event])
[0x00000000047fb810] Threads_lock - owner thread: 0x0000000020424800
[0x00000000047fbf10] Heap_lock - owner thread: 0x000000002409c800

Heap:
 PSYoungGen      total 997376K, used 639488K [0x000000076b000000, 0x00000007be880000, 0x00000007c0000000)
  eden space 639488K, 100% used [0x000000076b000000,0x0000000792080000,0x0000000792080000)
  from space 357888K, 0% used [0x0000000792080000,0x0000000792080000,0x00000007a7e00000)
  to   space 343040K, 0% used [0x00000007a9980000,0x00000007a9980000,0x00000007be880000)
 ParOldGen       total 2785280K, used 2785154K [0x00000006c1000000, 0x000000076b000000, 0x000000076b000000)
  object space 2785280K, 99% used [0x00000006c1000000,0x000000076afe0950,0x000000076b000000)
 Metaspace       used 6051K, capacity 6170K, committed 6400K, reserved 1056768K
  class space    used 634K, capacity 697K, committed 768K, reserved 1048576K

Card table byte_map: [0x0000000013de0000,0x00000000145e0000] byte_map_base: 0x00000000107d8000

Marking Bits: (ParMarkBitMap*) 0x000000005804f860
 Begin Bits: [0x0000000015830000, 0x00000000197f0000)
 End Bits:   [0x00000000197f0000, 0x000000001d7b0000)

Polling page: 0x0000000002df0000

CodeCache: size=245760Kb used=7404Kb max_used=7460Kb free=238355Kb
 bounds [0x0000000004a20000, 0x0000000005180000, 0x0000000013a20000]
 total_blobs=1304 nmethods=980 adapters=235
 compilation: enabled

Compilation events (10 events):
Event: 195.859 Thread 0x0000000022214000 1207 % !   3       nl.harmjanwestra.finemapping.rebuttal.QTLOverlap$QTLOverLapTask::run @ 496 (1120 bytes)
Event: 195.871 Thread 0x0000000022214000 nmethod 1207% 0x0000000005162d50 code [0x0000000005163da0, 0x0000000005170ed8]
Event: 206.086 Thread 0x00000000221a0800 1208       4       htsjdk.samtools.util.BlockCompressedInputStream::readBlock (195 bytes)
Event: 206.090 Thread 0x00000000221a0800 nmethod 1208 0x0000000004f85450 code [0x0000000004f855e0, 0x0000000004f85aa8]
Event: 208.641 Thread 0x00000000221a2000 1209 %     4       nl.harmjanwestra.utilities.vcf.VCFTabix::getAllVariants @ 23 (61 bytes)
Event: 208.649 Thread 0x00000000221a2000 nmethod 1209% 0x000000000513f510 code [0x000000000513f6a0, 0x000000000513fdd8]
Event: 209.704 Thread 0x00000000221b8800 1210       4       nl.harmjanwestra.utilities.vcf.VCFTabix::getAllVariants (61 bytes)
Event: 209.711 Thread 0x00000000221b8800 nmethod 1210 0x0000000004f86590 code [0x0000000004f86740, 0x0000000004f86e70]
Event: 247.074 Thread 0x0000000022214000 1211       3       nl.harmjanwestra.finemapping.rebuttal.QTLOverlap::alldone (75 bytes)
Event: 247.075 Thread 0x0000000022214000 nmethod 1211 0x0000000004cfced0 code [0x0000000004cfd0e0, 0x0000000004cfdc48]

GC Heap History (10 events):
Event: 593.123 GC heap after
Heap after GC invocations=1466 (full 1205):
 PSYoungGen      total 997376K, used 639487K [0x000000076b000000, 0x00000007be880000, 0x00000007c0000000)
  eden space 639488K, 99% used [0x000000076b000000,0x000000079207fee0,0x0000000792080000)
  from space 357888K, 0% used [0x0000000792080000,0x0000000792080000,0x00000007a7e00000)
  to   space 343040K, 0% used [0x00000007a9980000,0x00000007a9980000,0x00000007be880000)
 ParOldGen       total 2785280K, used 2785154K [0x00000006c1000000, 0x000000076b000000, 0x000000076b000000)
  object space 2785280K, 99% used [0x00000006c1000000,0x000000076afe08e0,0x000000076b000000)
 Metaspace       used 6051K, capacity 6170K, committed 6400K, reserved 1056768K
  class space    used 634K, capacity 697K, committed 768K, reserved 1048576K
}
Event: 593.124 GC heap before
{Heap before GC invocations=1467 (full 1206):
 PSYoungGen      total 997376K, used 639488K [0x000000076b000000, 0x00000007be880000, 0x00000007c0000000)
  eden space 639488K, 100% used [0x000000076b000000,0x0000000792080000,0x0000000792080000)
  from space 357888K, 0% used [0x0000000792080000,0x0000000792080000,0x00000007a7e00000)
  to   space 343040K, 0% used [0x00000007a9980000,0x00000007a9980000,0x00000007be880000)
 ParOldGen       total 2785280K, used 2785154K [0x00000006c1000000, 0x000000076b000000, 0x000000076b000000)
  object space 2785280K, 99% used [0x00000006c1000000,0x000000076afe08e0,0x000000076b000000)
 Metaspace       used 6051K, capacity 6170K, committed 6400K, reserved 1056768K
  class space    used 634K, capacity 697K, committed 768K, reserved 1048576K
Event: 593.445 GC heap after
Heap after GC invocations=1467 (full 1206):
 PSYoungGen      total 997376K, used 639487K [0x000000076b000000, 0x00000007be880000, 0x00000007c0000000)
  eden space 639488K, 99% used [0x000000076b000000,0x000000079207ff50,0x0000000792080000)
  from space 357888K, 0% used [0x0000000792080000,0x0000000792080000,0x00000007a7e00000)
  to   space 343040K, 0% used [0x00000007a9980000,0x00000007a9980000,0x00000007be880000)
 ParOldGen       total 2785280K, used 2785154K [0x00000006c1000000, 0x000000076b000000, 0x000000076b000000)
  object space 2785280K, 99% used [0x00000006c1000000,0x000000076afe0888,0x000000076b000000)
 Metaspace       used 6051K, capacity 6170K, committed 6400K, reserved 1056768K
  class space    used 634K, capacity 697K, committed 768K, reserved 1048576K
}
Event: 593.446 GC heap before
{Heap before GC invocations=1468 (full 1207):
 PSYoungGen      total 997376K, used 639488K [0x000000076b000000, 0x00000007be880000, 0x00000007c0000000)
  eden space 639488K, 100% used [0x000000076b000000,0x0000000792080000,0x0000000792080000)
  from space 357888K, 0% used [0x0000000792080000,0x0000000792080000,0x00000007a7e00000)
  to   space 343040K, 0% used [0x00000007a9980000,0x00000007a9980000,0x00000007be880000)
 ParOldGen       total 2785280K, used 2785154K [0x00000006c1000000, 0x000000076b000000, 0x000000076b000000)
  object space 2785280K, 99% used [0x00000006c1000000,0x000000076afe0888,0x000000076b000000)
 Metaspace       used 6051K, capacity 6170K, committed 6400K, reserved 1056768K
  class space    used 634K, capacity 697K, committed 768K, reserved 1048576K
Event: 593.773 GC heap after
Heap after GC invocations=1468 (full 1207):
 PSYoungGen      total 997376K, used 639487K [0x000000076b000000, 0x00000007be880000, 0x00000007c0000000)
  eden space 639488K, 99% used [0x000000076b000000,0x000000079207fff0,0x0000000792080000)
  from space 357888K, 0% used [0x0000000792080000,0x0000000792080000,0x00000007a7e00000)
  to   space 343040K, 0% used [0x00000007a9980000,0x00000007a9980000,0x00000007be880000)
 ParOldGen       total 2785280K, used 2785154K [0x00000006c1000000, 0x000000076b000000, 0x000000076b000000)
  object space 2785280K, 99% used [0x00000006c1000000,0x000000076afe0888,0x000000076b000000)
 Metaspace       used 6051K, capacity 6170K, committed 6400K, reserved 1056768K
  class space    used 634K, capacity 697K, committed 768K, reserved 1048576K
}
Event: 593.773 GC heap before
{Heap before GC invocations=1469 (full 1208):
 PSYoungGen      total 997376K, used 639488K [0x000000076b000000, 0x00000007be880000, 0x00000007c0000000)
  eden space 639488K, 100% used [0x000000076b000000,0x0000000792080000,0x0000000792080000)
  from space 357888K, 0% used [0x0000000792080000,0x0000000792080000,0x00000007a7e00000)
  to   space 343040K, 0% used [0x00000007a9980000,0x00000007a9980000,0x00000007be880000)
 ParOldGen       total 2785280K, used 2785156K [0x00000006c1000000, 0x000000076b000000, 0x000000076b000000)
  object space 2785280K, 99% used [0x00000006c1000000,0x000000076afe1300,0x000000076b000000)
 Metaspace       used 6051K, capacity 6170K, committed 6400K, reserved 1056768K
  class space    used 634K, capacity 697K, committed 768K, reserved 1048576K
Event: 594.106 GC heap after
Heap after GC invocations=1469 (full 1208):
 PSYoungGen      total 997376K, used 639487K [0x000000076b000000, 0x00000007be880000, 0x00000007c0000000)
  eden space 639488K, 99% used [0x000000076b000000,0x000000079207fee0,0x0000000792080000)
  from space 357888K, 0% used [0x0000000792080000,0x0000000792080000,0x00000007a7e00000)
  to   space 343040K, 0% used [0x00000007a9980000,0x00000007a9980000,0x00000007be880000)
 ParOldGen       total 2785280K, used 2785154K [0x00000006c1000000, 0x000000076b000000, 0x000000076b000000)
  object space 2785280K, 99% used [0x00000006c1000000,0x000000076afe0a20,0x000000076b000000)
 Metaspace       used 6051K, capacity 6170K, committed 6400K, reserved 1056768K
  class space    used 634K, capacity 697K, committed 768K, reserved 1048576K
}
Event: 594.106 GC heap before
{Heap before GC invocations=1470 (full 1209):
 PSYoungGen      total 997376K, used 639488K [0x000000076b000000, 0x00000007be880000, 0x00000007c0000000)
  eden space 639488K, 100% used [0x000000076b000000,0x0000000792080000,0x0000000792080000)
  from space 357888K, 0% used [0x0000000792080000,0x0000000792080000,0x00000007a7e00000)
  to   space 343040K, 0% used [0x00000007a9980000,0x00000007a9980000,0x00000007be880000)
 ParOldGen       total 2785280K, used 2785154K [0x00000006c1000000, 0x000000076b000000, 0x000000076b000000)
  object space 2785280K, 99% used [0x00000006c1000000,0x000000076afe0a20,0x000000076b000000)
 Metaspace       used 6051K, capacity 6170K, committed 6400K, reserved 1056768K
  class space    used 634K, capacity 697K, committed 768K, reserved 1048576K
Event: 594.432 GC heap after
Heap after GC invocations=1470 (full 1209):
 PSYoungGen      total 997376K, used 639487K [0x000000076b000000, 0x00000007be880000, 0x00000007c0000000)
  eden space 639488K, 99% used [0x000000076b000000,0x000000079207fef8,0x0000000792080000)
  from space 357888K, 0% used [0x0000000792080000,0x0000000792080000,0x00000007a7e00000)
  to   space 343040K, 0% used [0x00000007a9980000,0x00000007a9980000,0x00000007be880000)
 ParOldGen       total 2785280K, used 2785154K [0x00000006c1000000, 0x000000076b000000, 0x000000076b000000)
  object space 2785280K, 99% used [0x00000006c1000000,0x000000076afe0950,0x000000076b000000)
 Metaspace       used 6051K, capacity 6170K, committed 6400K, reserved 1056768K
  class space    used 634K, capacity 697K, committed 768K, reserved 1048576K
}
Event: 594.432 GC heap before
{Heap before GC invocations=1471 (full 1210):
 PSYoungGen      total 997376K, used 639488K [0x000000076b000000, 0x00000007be880000, 0x00000007c0000000)
  eden space 639488K, 100% used [0x000000076b000000,0x0000000792080000,0x0000000792080000)
  from space 357888K, 0% used [0x0000000792080000,0x0000000792080000,0x00000007a7e00000)
  to   space 343040K, 0% used [0x00000007a9980000,0x00000007a9980000,0x00000007be880000)
 ParOldGen       total 2785280K, used 2785154K [0x00000006c1000000, 0x000000076b000000, 0x000000076b000000)
  object space 2785280K, 99% used [0x00000006c1000000,0x000000076afe0950,0x000000076b000000)
 Metaspace       used 6051K, capacity 6170K, committed 6400K, reserved 1056768K
  class space    used 634K, capacity 697K, committed 768K, reserved 1048576K

Deoptimization events (10 events):
Event: 159.051 Thread 0x000000002409c800 Uncommon trap: reason=unstable_if action=reinterpret pc=0x0000000004ec3c2c method=java.util.HashMap$HashIterator.nextNode()Ljava/util/HashMap$Node; @ 74
Event: 160.747 Thread 0x000000002409b800 Uncommon trap: reason=unstable_if action=reinterpret pc=0x00000000050a5d24 method=nl.harmjanwestra.utilities.vcf.VCFTabix.getAllVariants(Lnl/harmjanwestra/utilities/features/Feature;[Z)Ljava/util/ArrayList; @ 25
Event: 162.331 Thread 0x000000002409e000 Uncommon trap: reason=unstable_if action=reinterpret pc=0x00000000050a5d24 method=nl.harmjanwestra.utilities.vcf.VCFTabix.getAllVariants(Lnl/harmjanwestra/utilities/features/Feature;[Z)Ljava/util/ArrayList; @ 25
Event: 189.101 Thread 0x000000002409e000 Uncommon trap: reason=unstable_if action=reinterpret pc=0x0000000004ef3cd0 method=htsjdk.samtools.util.BlockCompressedInputStream.available()I @ 4
Event: 189.101 Thread 0x000000002409e000 Uncommon trap: reason=unstable_if action=reinterpret pc=0x00000000050a8b18 method=htsjdk.samtools.util.BlockCompressedInputStream.inflateBlock([BI)V @ 22
Event: 189.105 Thread 0x000000002409e000 Uncommon trap: reason=unstable_if action=reinterpret pc=0x0000000004ec9898 method=htsjdk.tribble.readers.TabixReader.readIndex(Lhtsjdk/samtools/seekablestream/SeekableStream;)V @ 277
Event: 189.109 Thread 0x000000002409e000 Uncommon trap: reason=unstable_if action=reinterpret pc=0x00000000050e7570 method=htsjdk.tribble.readers.TabixReader$IteratorImpl.next()Ljava/lang/String; @ 15
Event: 194.607 Thread 0x000000002409b800 Uncommon trap: reason=unstable_if action=reinterpret pc=0x0000000005148f98 method=nl.harmjanwestra.finemapping.rebuttal.QTLOverlap$QTLOverLapTask.run()V @ 820
Event: 195.731 Thread 0x000000002409c800 Uncommon trap: reason=unstable_if action=reinterpret pc=0x0000000005148f98 method=nl.harmjanwestra.finemapping.rebuttal.QTLOverlap$QTLOverLapTask.run()V @ 820
Event: 204.386 Thread 0x000000002409b800 Uncommon trap: reason=unstable_if action=reinterpret pc=0x0000000004ef472c method=htsjdk.samtools.util.BlockCompressedInputStream.available()I @ 4

Classes redefined (0 events):
No events

Internal exceptions (10 events):
Event: 112.682 Thread 0x0000000024160800 Exception <a 'java/lang/ClassNotFoundException': sun/net/www/protocol/d/Handler> (0x00000007a71e04f8) thrown at [C:\re\workspace\8-2-build-windows-amd64-cygwin\jdk8u161\10277\hotspot\src\share\vm\classfile\systemDictionary.cpp, line 210]
Event: 112.682 Thread 0x00000000228a7000 Exception <a 'java/lang/ClassNotFoundException': sun/net/www/protocol/d/Handler> (0x00000007a44189e8) thrown at [C:\re\workspace\8-2-build-windows-amd64-cygwin\jdk8u161\10277\hotspot\src\share\vm\classfile\systemDictionary.cpp, line 210]
Event: 112.683 Thread 0x000000002409e000 Exception <a 'java/lang/ClassNotFoundException': sun/net/www/protocol/d/Handler> (0x000000079ffae668) thrown at [C:\re\workspace\8-2-build-windows-amd64-cygwin\jdk8u161\10277\hotspot\src\share\vm\classfile\systemDictionary.cpp, line 210]
Event: 112.683 Thread 0x000000002409b800 Exception <a 'java/lang/ClassNotFoundException': sun/net/www/protocol/d/Handler> (0x00000007a5afc788) thrown at [C:\re\workspace\8-2-build-windows-amd64-cygwin\jdk8u161\10277\hotspot\src\share\vm\classfile\systemDictionary.cpp, line 210]
Event: 189.101 Thread 0x000000002409e000 Exception <a 'java/lang/ClassNotFoundException': sun/net/www/protocol/d/Handler> (0x00000007a349a820) thrown at [C:\re\workspace\8-2-build-windows-amd64-cygwin\jdk8u161\10277\hotspot\src\share\vm\classfile\systemDictionary.cpp, line 210]
Event: 189.101 Thread 0x000000002409e000 Implicit null exception at 0x0000000004ef3af9 to 0x0000000004ef3cb1
Event: 189.101 Thread 0x000000002409e000 Implicit null exception at 0x00000000050a7bc0 to 0x00000000050a8b09
Event: 204.386 Thread 0x000000002409b800 Exception <a 'java/lang/ClassNotFoundException': sun/net/www/protocol/d/Handler> (0x000000079e9a3b28) thrown at [C:\re\workspace\8-2-build-windows-amd64-cygwin\jdk8u161\10277\hotspot\src\share\vm\classfile\systemDictionary.cpp, line 210]
Event: 204.386 Thread 0x000000002409b800 Implicit null exception at 0x0000000004ef46d3 to 0x0000000004ef471d
Event: 205.941 Thread 0x000000002409c800 Exception <a 'java/lang/ClassNotFoundException': sun/net/www/protocol/d/Handler> (0x000000078afe1ea8) thrown at [C:\re\workspace\8-2-build-windows-amd64-cygwin\jdk8u161\10277\hotspot\src\share\vm\classfile\systemDictionary.cpp, line 210]

Events (10 events):
Event: 593.123 Executing VM operation: ParallelGCFailedAllocation done
Event: 593.124 Executing VM operation: ParallelGCFailedAllocation
Event: 593.445 Executing VM operation: ParallelGCFailedAllocation done
Event: 593.445 Executing VM operation: ParallelGCFailedAllocation
Event: 593.773 Executing VM operation: ParallelGCFailedAllocation done
Event: 593.773 Executing VM operation: ParallelGCFailedAllocation
Event: 594.106 Executing VM operation: ParallelGCFailedAllocation done
Event: 594.106 Executing VM operation: ParallelGCFailedAllocation
Event: 594.432 Executing VM operation: ParallelGCFailedAllocation done
Event: 594.432 Executing VM operation: ParallelGCFailedAllocation


Dynamic libraries:
0x00007ff6d3d80000 - 0x00007ff6d3db7000 	C:\Program Files\Java\jdk1.8.0_161\bin\java.exe
0x00007ffaad130000 - 0x00007ffaad310000 	C:\WINDOWS\SYSTEM32\ntdll.dll
0x00007ffaab500000 - 0x00007ffaab5ae000 	C:\WINDOWS\System32\KERNEL32.DLL
0x00007ffaa9870000 - 0x00007ffaa9ad6000 	C:\WINDOWS\System32\KERNELBASE.dll
0x00007ffaad050000 - 0x00007ffaad0f1000 	C:\WINDOWS\System32\ADVAPI32.dll
0x00007ffaacec0000 - 0x00007ffaacf5d000 	C:\WINDOWS\System32\msvcrt.dll
0x00007ffaab3f0000 - 0x00007ffaab44b000 	C:\WINDOWS\System32\sechost.dll
0x00007ffaaaf20000 - 0x00007ffaab03f000 	C:\WINDOWS\System32\RPCRT4.dll
0x00007ffaab150000 - 0x00007ffaab2df000 	C:\WINDOWS\System32\USER32.dll
0x00007ffaa9850000 - 0x00007ffaa9870000 	C:\WINDOWS\System32\win32u.dll
0x00007ffaaaef0000 - 0x00007ffaaaf18000 	C:\WINDOWS\System32\GDI32.dll
0x00007ffaa9c10000 - 0x00007ffaa9da3000 	C:\WINDOWS\System32\gdi32full.dll
0x00007ffaa9580000 - 0x00007ffaa961b000 	C:\WINDOWS\System32\msvcp_win.dll
0x00007ffaa9db0000 - 0x00007ffaa9ea6000 	C:\WINDOWS\System32\ucrtbase.dll
0x00007ffa9c080000 - 0x00007ffa9c2e9000 	C:\WINDOWS\WinSxS\amd64_microsoft.windows.common-controls_6595b64144ccf1df_6.0.16299.248_none_15ced204935f55d7\COMCTL32.dll
0x00007ffaaaaf0000 - 0x00007ffaaadf8000 	C:\WINDOWS\System32\combase.dll
0x00007ffaa9b90000 - 0x00007ffaa9c02000 	C:\WINDOWS\System32\bcryptPrimitives.dll
0x00007ffaab3b0000 - 0x00007ffaab3dd000 	C:\WINDOWS\System32\IMM32.DLL
0x00000000580d0000 - 0x00000000581a2000 	C:\Program Files\Java\jdk1.8.0_161\jre\bin\msvcr100.dll
0x0000000057830000 - 0x00000000580cf000 	C:\Program Files\Java\jdk1.8.0_161\jre\bin\server\jvm.dll
0x00007ffaaccb0000 - 0x00007ffaaccb8000 	C:\WINDOWS\System32\PSAPI.DLL
0x00007ffa9d7c0000 - 0x00007ffa9d7c9000 	C:\WINDOWS\SYSTEM32\WSOCK32.dll
0x00007ffaa5f40000 - 0x00007ffaa5f63000 	C:\WINDOWS\SYSTEM32\WINMM.dll
0x00007ffaa3960000 - 0x00007ffaa396a000 	C:\WINDOWS\SYSTEM32\VERSION.dll
0x00007ffaab340000 - 0x00007ffaab3ac000 	C:\WINDOWS\System32\WS2_32.dll
0x00007ffaa5ee0000 - 0x00007ffaa5f0a000 	C:\WINDOWS\SYSTEM32\winmmbase.dll
0x00007ffaa9530000 - 0x00007ffaa957a000 	C:\WINDOWS\System32\cfgmgr32.dll
0x0000000057820000 - 0x000000005782f000 	C:\Program Files\Java\jdk1.8.0_161\jre\bin\verify.dll
0x00000000577f0000 - 0x0000000057819000 	C:\Program Files\Java\jdk1.8.0_161\jre\bin\java.dll
0x00000000577c0000 - 0x00000000577e3000 	C:\Program Files\Java\jdk1.8.0_161\jre\bin\instrument.dll
0x00000000577a0000 - 0x00000000577b6000 	C:\Program Files\Java\jdk1.8.0_161\jre\bin\zip.dll
0x00007ffaab720000 - 0x00007ffaacb56000 	C:\WINDOWS\System32\SHELL32.dll
0x00007ffaab450000 - 0x00007ffaab4f6000 	C:\WINDOWS\System32\shcore.dll
0x00007ffaa9eb0000 - 0x00007ffaaa5f7000 	C:\WINDOWS\System32\windows.storage.dll
0x00007ffaaae90000 - 0x00007ffaaaee1000 	C:\WINDOWS\System32\shlwapi.dll
0x00007ffaa9480000 - 0x00007ffaa9491000 	C:\WINDOWS\System32\kernel.appcore.dll
0x00007ffaa94e0000 - 0x00007ffaa952c000 	C:\WINDOWS\System32\powrprof.dll
0x00007ffaa94c0000 - 0x00007ffaa94db000 	C:\WINDOWS\System32\profapi.dll
0x00007ffa92800000 - 0x00007ffa9281a000 	C:\Program Files\JetBrains\IntelliJ IDEA Community Edition 2017.3.1\bin\breakgen64.dll
0x0000000057780000 - 0x000000005779a000 	C:\Program Files\Java\jdk1.8.0_161\jre\bin\net.dll
0x00007ffaa89c0000 - 0x00007ffaa8a26000 	C:\WINDOWS\system32\mswsock.dll
0x0000000057760000 - 0x0000000057771000 	C:\Program Files\Java\jdk1.8.0_161\jre\bin\nio.dll
0x00007ffaa8f70000 - 0x00007ffaa9138000 	C:\WINDOWS\SYSTEM32\dbghelp.dll

VM Arguments:
jvm_args: -javaagent:C:\Program Files\JetBrains\IntelliJ IDEA Community Edition 2017.3.1\lib\idea_rt.jar=52111:C:\Program Files\JetBrains\IntelliJ IDEA Community Edition 2017.3.1\bin -Dfile.encoding=UTF-8 
java_command: nl.harmjanwestra.finemapping.rebuttal.QTLOverlap
java_class_path (initial): C:\Program Files\Java\jdk1.8.0_161\jre\lib\charsets.jar;C:\Program Files\Java\jdk1.8.0_161\jre\lib\deploy.jar;C:\Program Files\Java\jdk1.8.0_161\jre\lib\ext\access-bridge-64.jar;C:\Program Files\Java\jdk1.8.0_161\jre\lib\ext\cldrdata.jar;C:\Program Files\Java\jdk1.8.0_161\jre\lib\ext\dnsns.jar;C:\Program Files\Java\jdk1.8.0_161\jre\lib\ext\jaccess.jar;C:\Program Files\Java\jdk1.8.0_161\jre\lib\ext\jfxrt.jar;C:\Program Files\Java\jdk1.8.0_161\jre\lib\ext\localedata.jar;C:\Program Files\Java\jdk1.8.0_161\jre\lib\ext\nashorn.jar;C:\Program Files\Java\jdk1.8.0_161\jre\lib\ext\sunec.jar;C:\Program Files\Java\jdk1.8.0_161\jre\lib\ext\sunjce_provider.jar;C:\Program Files\Java\jdk1.8.0_161\jre\lib\ext\sunmscapi.jar;C:\Program Files\Java\jdk1.8.0_161\jre\lib\ext\sunpkcs11.jar;C:\Program Files\Java\jdk1.8.0_161\jre\lib\ext\zipfs.jar;C:\Program Files\Java\jdk1.8.0_161\jre\lib\javaws.jar;C:\Program Files\Java\jdk1.8.0_161\jre\lib\jce.jar;C:\Program Files\Java\jdk1.8.0_161\jre\lib\jfr.jar;C:\Program Files\Java\jdk1.8.0_161\jre\lib\jfxswt.jar;C:\Program Files\Java\jdk1.8.0_161\jre\lib\jsse.jar;C:\Program Files\Java\jdk1.8.0_161\jre\lib\management-agent.jar;C:\Program Files\Java\jdk1.8.0_161\jre\lib\plugin.jar;C:\Program Files\Java\jdk1.8.0_161\jre\lib\resources.jar;C:\Program Files\Java\jdk1.8.0_161\jre\lib\rt.jar;D:\Code\git\hmsprojects\FinemappingPaper\target\classes;D:\Code\git\hmsprojects\Utilities\target\classes;C:\Users\Harm-Jan Westra\.m2\repository\com\itextpdf\itextpdf\5.5.8\itextpdf-5.5.8.jar;C:\Users\Harm-Jan Westra\.m2\repository\net\sourceforge\parallelcolt\parallelcolt\0.10.1\parallelcolt-0.10.1.jar;C:\Users\Harm-Jan Westra\.m2\repository\net\sourceforge\jplasma\jplasma\1.2.0\jplasma-1.2.0.jar;C:\Users\Harm-Jan Westra\.m2\repository\net\sourceforge\jplasma\core-lapack\0.1\core-lapack-0.1.jar;C:\Users\Harm-Jan Westra\.m2\repository\net\sourceforge\f2j\arpack_combined_all\0.1\arpack_combined_all-0.1.jar;C:\Users\Harm-Jan Westra\.m2\reposit
Launcher Type: SUN_STANDARD

Environment Variables:
PATH=C:\Program Files (x86)\Common Files\Intel\Shared Libraries\redist\intel64\compiler;C:\ProgramData\Oracle\Java\javapath;C:\WINDOWS\system32;C:\WINDOWS;C:\WINDOWS\System32\Wbem;C:\WINDOWS\System32\WindowsPowerShell\v1.0\;C:\Program Files\Git\cmd;C:\Program Files (x86)\Skype\Phone\;C:\Users\Harm-Jan Westra\AppData\Local\Microsoft\WindowsApps;
USERNAME=Harm-Jan Westra
OS=Windows_NT
PROCESSOR_IDENTIFIER=AMD64 Family 23 Model 1 Stepping 1, AuthenticAMD



---------------  S Y S T E M  ---------------

OS: Windows 10.0 , 64 bit Build 16299 (10.0.16299.15)

CPU:total 16 (initial active 16) (16 cores per cpu, 1 threads per core) family 23 model 1 stepping 1, cmov, cx8, fxsr, mmx, sse, sse2, sse3, ssse3, sse4.1, sse4.2, popcnt, avx, avx2, aes, clmul, mmxext, 3dnowpref, lzcnt, sse4a, tsc, tscinvbit, tscinv, bmi1

Memory: 4k page, physical 16707424k(8307676k free), swap 20901728k(7858680k free)

vm_info: Java HotSpot(TM) 64-Bit Server VM (25.161-b12) for windows-amd64 JRE (1.8.0_161-b12), built on Dec 19 2017 17:52:25 by "java_re" with MS VC++ 10.0 (VS2010)

time: Mon Feb 19 20:28:24 2018
elapsed time: 594 seconds (0d 0h 9m 54s)

