#
# A fatal error has been detected by the Java Runtime Environment:
#
#  EXCEPTION_ACCESS_VIOLATION (0xc0000005) at pc=0x0000000057944bab, pid=8996, tid=0x00000000000069e4
#
# JRE version: Java(TM) SE Runtime Environment (8.0_161-b12) (build 1.8.0_161-b12)
# Java VM: Java HotSpot(TM) 64-Bit Server VM (25.161-b12 mixed mode windows-amd64 compressed oops)
# Problematic frame:
# V  [jvm.dll+0x114bab]
#
# Failed to write core dump. Minidumps are not enabled by default on client versions of Windows
#
# If you would like to submit a bug report, please visit:
#   http://bugreport.java.com/bugreport/crash.jsp
#

---------------  T H R E A D  ---------------

Current thread (0x0000000004c9d800):  GCTaskThread [stack: 0x0000000014f90000,0x0000000015090000] [id=27108]

siginfo: ExceptionCode=0xc0000005, reading address 0x0000000000000008

Registers:
RAX=0x0000000015b90000, RBX=0x0000000797c0a5c0, RCX=0x0000000000000003, RDX=0x0000000000000001
RSP=0x000000001508faa0, RBP=0x0000000797dfb134, RSI=0x0000000000000003, RDI=0x000000001ebf6300
R8 =0x0000000000000000, R9 =0x0000000000000003, R10=0x000000000000000c, R11=0x000000000001d53a
R12=0x0000000797dfb168, R13=0x00000007c00a6850, R14=0x00000007c00a6858, R15=0x0000000797dfb0a8
RIP=0x0000000057944bab, EFLAGS=0x0000000000010246

Top of Stack: (sp=0x000000001508faa0)
0x000000001508faa0:   0000000797e0a5a8 0000000797dfb128
0x000000001508fab0:   0000000000000003 000000001ebf6300
0x000000001508fac0:   0000000000000000 0000000004c9dad0
0x000000001508fad0:   0000000004c92040 0000000000000001
0x000000001508fae0:   000000000001d538 0000000057c28990
0x000000001508faf0:   000000001fdf5a10 0000000000000000
0x000000001508fb00:   000000001ebf6300 0000000057e85c28
0x000000001508fb10:   0000000798a07ee0 000000001ebf6300
0x000000001508fb20:   00000007a547cd4c 0000000000000018
0x000000001508fb30:   0000000798a07ee0 000000005796aa61
0x000000001508fb40:   000000001ec0f960 0002412b00001241
0x000000001508fb50:   0000000004c9d800 0000000004c92040
0x000000001508fb60:   0000000004c9dae0 0000000004c9dad0
0x000000001508fb70:   0000000057e85c28 0000000000000001
0x000000001508fb80:   0000000026f05e20 0000000000000000
0x000000001508fb90:   000000001ebf6300 0000000057c26290 

Instructions: (pc=0x0000000057944bab)
0x0000000057944b8b:   6f 00 84 d2 74 16 44 8b 43 08 8b 0d 0d ec 68 00
0x0000000057944b9b:   49 d3 e0 4c 03 05 fb eb 68 00 eb 04 4c 8b 43 08
0x0000000057944bab:   45 8b 48 08 45 85 c9 7e 0c 41 f6 c1 01 75 4b 41
0x0000000057944bbb:   c1 f9 03 eb 57 79 43 84 d2 41 8b c9 b8 10 00 00 


Register to memory mapping:

RAX=0x0000000015b90000 is an unknown value
RBX=0x0000000797c0a5c0 is an unknown value
RCX=0x0000000000000003 is an unknown value
RDX=0x0000000000000001 is an unknown value
RSP=0x000000001508faa0 is an unknown value
RBP=0x0000000797dfb134 is an unknown value
RSI=0x0000000000000003 is an unknown value
RDI=0x000000001ebf6300 is an unknown value
R8 =0x0000000000000000 is an unknown value
R9 =0x0000000000000003 is an unknown value
R10=0x000000000000000c is an unknown value
R11=0x000000000001d53a is an unknown value
R12=0x0000000797dfb168 is an oop
java.util.HashMap 
 - klass: 'java/util/HashMap'
R13=0x00000007c00a6850 is pointing into metadata
R14=0x00000007c00a6858 is pointing into metadata
R15=0x0000000797dfb0a8 is an oop
nl.harmjanwestra.utilities.vcf.VCFVariant 
 - klass: 'nl/harmjanwestra/utilities/vcf/VCFVariant'


Stack: [0x0000000014f90000,0x0000000015090000],  sp=0x000000001508faa0,  free space=1022k
Native frames: (J=compiled Java code, j=interpreted, Vv=VM code, C=native code)
V  [jvm.dll+0x114bab]
V  [jvm.dll+0x3f8990]
V  [jvm.dll+0x3f6290]
V  [jvm.dll+0x3f380e]
V  [jvm.dll+0x29cc4a]
C  [msvcr100.dll+0x21d9f]
C  [msvcr100.dll+0x21e3b]
C  [KERNEL32.DLL+0x11fe4]
C  [ntdll.dll+0x6efc1]


---------------  P R O C E S S  ---------------

Java Threads: ( => current thread )
  0x0000000022710000 JavaThread "pool-1-thread-8" [_thread_blocked, id=29036, stack(0x0000000027260000,0x0000000027360000)]
  0x0000000026cd3000 JavaThread "pool-1-thread-7" [_thread_blocked, id=17972, stack(0x0000000027160000,0x0000000027260000)]
  0x0000000026cd2800 JavaThread "pool-1-thread-6" [_thread_blocked, id=11316, stack(0x0000000027060000,0x0000000027160000)]
  0x0000000023f10000 JavaThread "pool-1-thread-5" [_thread_blocked, id=15928, stack(0x0000000025f70000,0x0000000026070000)]
  0x0000000023f39800 JavaThread "pool-1-thread-4" [_thread_blocked, id=31500, stack(0x0000000025e70000,0x0000000025f70000)]
  0x0000000022758000 JavaThread "pool-1-thread-3" [_thread_blocked, id=22032, stack(0x0000000024d80000,0x0000000024e80000)]
  0x0000000026a1d800 JavaThread "pool-1-thread-2" [_thread_blocked, id=9900, stack(0x0000000024c80000,0x0000000024d80000)]
  0x0000000022ba5800 JavaThread "pool-1-thread-1" [_thread_blocked, id=16680, stack(0x0000000024b80000,0x0000000024c80000)]
  0x00000000225bf000 JavaThread "Service Thread" daemon [_thread_blocked, id=14664, stack(0x00000000239b0000,0x0000000023ab0000)]
  0x000000002252b800 JavaThread "C1 CompilerThread11" daemon [_thread_blocked, id=18016, stack(0x00000000238b0000,0x00000000239b0000)]
  0x000000002252e000 JavaThread "C1 CompilerThread10" daemon [_thread_blocked, id=15668, stack(0x00000000237b0000,0x00000000238b0000)]
  0x0000000022531000 JavaThread "C1 CompilerThread9" daemon [_thread_blocked, id=27408, stack(0x00000000236b0000,0x00000000237b0000)]
  0x00000000224d9000 JavaThread "C1 CompilerThread8" daemon [_thread_blocked, id=5320, stack(0x00000000234b0000,0x00000000235b0000)]
  0x00000000224d6800 JavaThread "C2 CompilerThread7" daemon [_thread_blocked, id=31448, stack(0x00000000233b0000,0x00000000234b0000)]
  0x00000000224c3800 JavaThread "C2 CompilerThread6" daemon [_thread_blocked, id=14444, stack(0x00000000232b0000,0x00000000233b0000)]
  0x00000000224b3000 JavaThread "C2 CompilerThread5" daemon [_thread_blocked, id=25540, stack(0x00000000231b0000,0x00000000232b0000)]
  0x00000000224a1000 JavaThread "C2 CompilerThread4" daemon [_thread_blocked, id=30464, stack(0x00000000230b0000,0x00000000231b0000)]
  0x00000000224a0800 JavaThread "C2 CompilerThread3" daemon [_thread_blocked, id=2040, stack(0x0000000022fb0000,0x00000000230b0000)]
  0x000000002249f800 JavaThread "C2 CompilerThread2" daemon [_thread_blocked, id=16248, stack(0x0000000022eb0000,0x0000000022fb0000)]
  0x000000002249d000 JavaThread "C2 CompilerThread1" daemon [_thread_blocked, id=30212, stack(0x0000000022db0000,0x0000000022eb0000)]
  0x000000002249c000 JavaThread "C2 CompilerThread0" daemon [_thread_blocked, id=29736, stack(0x0000000022cb0000,0x0000000022db0000)]
  0x00000000223c0800 JavaThread "Monitor Ctrl-Break" daemon [_thread_in_native, id=7648, stack(0x0000000022bb0000,0x0000000022cb0000)]
  0x000000002076c800 JavaThread "Attach Listener" daemon [_thread_blocked, id=10980, stack(0x00000000222b0000,0x00000000223b0000)]
  0x000000002076a000 JavaThread "Signal Dispatcher" daemon [_thread_blocked, id=9640, stack(0x00000000221b0000,0x00000000222b0000)]
  0x0000000020756800 JavaThread "Finalizer" daemon [_thread_blocked, id=15624, stack(0x0000000021fc0000,0x00000000220c0000)]
  0x000000001ecff000 JavaThread "Reference Handler" daemon [_thread_blocked, id=12444, stack(0x0000000021ec0000,0x0000000021fc0000)]
  0x0000000004c86000 JavaThread "main" [_thread_blocked, id=15448, stack(0x0000000004950000,0x0000000004a50000)]

Other Threads:
  0x0000000020734800 VMThread [stack: 0x0000000021dc0000,0x0000000021ec0000] [id=2596]
  0x00000000225f5000 WatcherThread [stack: 0x0000000023ab0000,0x0000000023bb0000] [id=24208]

=>0x0000000004c9d800 (exited) GCTaskThread [stack: 0x0000000014f90000,0x0000000015090000] [id=27108]

VM state:at safepoint (normal execution)

VM Mutex/Monitor currently owned by a thread:  ([mutex/lock_event])
[0x0000000004afbf90] Threads_lock - owner thread: 0x0000000020734800
[0x0000000004afc110] Heap_lock - owner thread: 0x0000000026cd3000

Heap:
 PSYoungGen      total 1368064K, used 1343488K [0x000000076b000000, 0x00000007c0000000, 0x00000007c0000000)
  eden space 1343488K, 100% used [0x000000076b000000,0x00000007bd000000,0x00000007bd000000)
  from space 24576K, 0% used [0x00000007be800000,0x00000007be800000,0x00000007c0000000)
  to   space 24576K, 0% used [0x00000007bd000000,0x00000007bd000000,0x00000007be800000)
 ParOldGen       total 2785280K, used 2784992K [0x00000006c1000000, 0x000000076b000000, 0x000000076b000000)
  object space 2785280K, 99% used [0x00000006c1000000,0x000000076afb82c8,0x000000076b000000)
 Metaspace       used 6039K, capacity 6160K, committed 6400K, reserved 1056768K
  class space    used 631K, capacity 692K, committed 768K, reserved 1048576K

Card table byte_map: [0x0000000014140000,0x0000000014940000] byte_map_base: 0x0000000010b38000

Marking Bits: (ParMarkBitMap*) 0x000000005804f860
 Begin Bits: [0x0000000015b90000, 0x0000000019b50000)
 End Bits:   [0x0000000019b50000, 0x000000001db10000)

Polling page: 0x0000000002c00000

CodeCache: size=245760Kb used=6956Kb max_used=7043Kb free=238803Kb
 bounds [0x0000000004d80000, 0x0000000005470000, 0x0000000013d80000]
 total_blobs=1302 nmethods=978 adapters=235
 compilation: enabled

Compilation events (10 events):
Event: 331.364 Thread 0x00000000224c3800 1207       4       java.lang.Math::min (45 bytes)
Event: 331.365 Thread 0x00000000224c3800 nmethod 1207 0x0000000005055b90 code [0x0000000005055d00, 0x0000000005055dd8]
Event: 334.169 Thread 0x00000000224a0800 1208       4       nl.harmjanwestra.finemapping.rebuttal.QTLOverlap::access$000 (7 bytes)
Event: 334.963 Thread 0x00000000224a0800 nmethod 1208 0x0000000005310290 code [0x0000000005310420, 0x0000000005310ad8]
Event: 335.796 Thread 0x00000000224d6800 1209       4       nl.harmjanwestra.utilities.math.DetermineLD::getLD (60 bytes)
Event: 337.615 Thread 0x00000000224d6800 nmethod 1209 0x00000000050f8290 code [0x00000000050f84c0, 0x00000000050f9668]
Event: 346.527 Thread 0x00000000224d9000 1210       3       sun.nio.fs.WindowsPath::getFileSystem (5 bytes)
Event: 346.527 Thread 0x00000000224d9000 nmethod 1210 0x000000000504b450 code [0x000000000504b5a0, 0x000000000504b710]
Event: 346.527 Thread 0x00000000224d6800 1211       4       java.io.InputStreamReader::read (11 bytes)
Event: 348.077 Thread 0x00000000224d6800 nmethod 1211 0x00000000051974d0 code [0x0000000005197680, 0x00000000051981d8]

GC Heap History (10 events):
Event: 354.274 GC heap after
Heap after GC invocations=736 (full 512):
 PSYoungGen      total 1368064K, used 1245478K [0x000000076b000000, 0x00000007c0000000, 0x00000007c0000000)
  eden space 1343488K, 92% used [0x000000076b000000,0x00000007b70498f8,0x00000007bd000000)
  from space 24576K, 0% used [0x00000007be800000,0x00000007be800000,0x00000007c0000000)
  to   space 24576K, 0% used [0x00000007bd000000,0x00000007bd000000,0x00000007be800000)
 ParOldGen       total 2785280K, used 2784992K [0x00000006c1000000, 0x000000076b000000, 0x000000076b000000)
  object space 2785280K, 99% used [0x00000006c1000000,0x000000076afb82c8,0x000000076b000000)
 Metaspace       used 6039K, capacity 6160K, committed 6400K, reserved 1056768K
  class space    used 631K, capacity 692K, committed 768K, reserved 1048576K
}
Event: 354.353 GC heap before
{Heap before GC invocations=737 (full 513):
 PSYoungGen      total 1368064K, used 1343488K [0x000000076b000000, 0x00000007c0000000, 0x00000007c0000000)
  eden space 1343488K, 100% used [0x000000076b000000,0x00000007bd000000,0x00000007bd000000)
  from space 24576K, 0% used [0x00000007be800000,0x00000007be800000,0x00000007c0000000)
  to   space 24576K, 0% used [0x00000007bd000000,0x00000007bd000000,0x00000007be800000)
 ParOldGen       total 2785280K, used 2784992K [0x00000006c1000000, 0x000000076b000000, 0x000000076b000000)
  object space 2785280K, 99% used [0x00000006c1000000,0x000000076afb82c8,0x000000076b000000)
 Metaspace       used 6039K, capacity 6160K, committed 6400K, reserved 1056768K
  class space    used 631K, capacity 692K, committed 768K, reserved 1048576K
Event: 354.738 GC heap after
Heap after GC invocations=737 (full 513):
 PSYoungGen      total 1368064K, used 1246879K [0x000000076b000000, 0x00000007c0000000, 0x00000007c0000000)
  eden space 1343488K, 92% used [0x000000076b000000,0x00000007b71a7d88,0x00000007bd000000)
  from space 24576K, 0% used [0x00000007be800000,0x00000007be800000,0x00000007c0000000)
  to   space 24576K, 0% used [0x00000007bd000000,0x00000007bd000000,0x00000007be800000)
 ParOldGen       total 2785280K, used 2784992K [0x00000006c1000000, 0x000000076b000000, 0x000000076b000000)
  object space 2785280K, 99% used [0x00000006c1000000,0x000000076afb82c8,0x000000076b000000)
 Metaspace       used 6039K, capacity 6160K, committed 6400K, reserved 1056768K
  class space    used 631K, capacity 692K, committed 768K, reserved 1048576K
}
Event: 354.794 GC heap before
{Heap before GC invocations=738 (full 514):
 PSYoungGen      total 1368064K, used 1343488K [0x000000076b000000, 0x00000007c0000000, 0x00000007c0000000)
  eden space 1343488K, 100% used [0x000000076b000000,0x00000007bd000000,0x00000007bd000000)
  from space 24576K, 0% used [0x00000007be800000,0x00000007be800000,0x00000007c0000000)
  to   space 24576K, 0% used [0x00000007bd000000,0x00000007bd000000,0x00000007be800000)
 ParOldGen       total 2785280K, used 2784992K [0x00000006c1000000, 0x000000076b000000, 0x000000076b000000)
  object space 2785280K, 99% used [0x00000006c1000000,0x000000076afb82c8,0x000000076b000000)
 Metaspace       used 6039K, capacity 6160K, committed 6400K, reserved 1056768K
  class space    used 631K, capacity 692K, committed 768K, reserved 1048576K
Event: 355.178 GC heap after
Heap after GC invocations=738 (full 514):
 PSYoungGen      total 1368064K, used 1248240K [0x000000076b000000, 0x00000007c0000000, 0x00000007c0000000)
  eden space 1343488K, 92% used [0x000000076b000000,0x00000007b72fc0b8,0x00000007bd000000)
  from space 24576K, 0% used [0x00000007be800000,0x00000007be800000,0x00000007c0000000)
  to   space 24576K, 0% used [0x00000007bd000000,0x00000007bd000000,0x00000007be800000)
 ParOldGen       total 2785280K, used 2784992K [0x00000006c1000000, 0x000000076b000000, 0x000000076b000000)
  object space 2785280K, 99% used [0x00000006c1000000,0x000000076afb82c8,0x000000076b000000)
 Metaspace       used 6039K, capacity 6160K, committed 6400K, reserved 1056768K
  class space    used 631K, capacity 692K, committed 768K, reserved 1048576K
}
Event: 355.232 GC heap before
{Heap before GC invocations=739 (full 515):
 PSYoungGen      total 1368064K, used 1343488K [0x000000076b000000, 0x00000007c0000000, 0x00000007c0000000)
  eden space 1343488K, 100% used [0x000000076b000000,0x00000007bd000000,0x00000007bd000000)
  from space 24576K, 0% used [0x00000007be800000,0x00000007be800000,0x00000007c0000000)
  to   space 24576K, 0% used [0x00000007bd000000,0x00000007bd000000,0x00000007be800000)
 ParOldGen       total 2785280K, used 2784992K [0x00000006c1000000, 0x000000076b000000, 0x000000076b000000)
  object space 2785280K, 99% used [0x00000006c1000000,0x000000076afb82c8,0x000000076b000000)
 Metaspace       used 6039K, capacity 6160K, committed 6400K, reserved 1056768K
  class space    used 631K, capacity 692K, committed 768K, reserved 1048576K
Event: 355.601 GC heap after
Heap after GC invocations=739 (full 515):
 PSYoungGen      total 1368064K, used 1249585K [0x000000076b000000, 0x00000007c0000000, 0x00000007c0000000)
  eden space 1343488K, 93% used [0x000000076b000000,0x00000007b744c6e8,0x00000007bd000000)
  from space 24576K, 0% used [0x00000007be800000,0x00000007be800000,0x00000007c0000000)
  to   space 24576K, 0% used [0x00000007bd000000,0x00000007bd000000,0x00000007be800000)
 ParOldGen       total 2785280K, used 2784992K [0x00000006c1000000, 0x000000076b000000, 0x000000076b000000)
  object space 2785280K, 99% used [0x00000006c1000000,0x000000076afb82c8,0x000000076b000000)
 Metaspace       used 6039K, capacity 6160K, committed 6400K, reserved 1056768K
  class space    used 631K, capacity 692K, committed 768K, reserved 1048576K
}
Event: 355.657 GC heap before
{Heap before GC invocations=740 (full 516):
 PSYoungGen      total 1368064K, used 1343488K [0x000000076b000000, 0x00000007c0000000, 0x00000007c0000000)
  eden space 1343488K, 100% used [0x000000076b000000,0x00000007bd000000,0x00000007bd000000)
  from space 24576K, 0% used [0x00000007be800000,0x00000007be800000,0x00000007c0000000)
  to   space 24576K, 0% used [0x00000007bd000000,0x00000007bd000000,0x00000007be800000)
 ParOldGen       total 2785280K, used 2784992K [0x00000006c1000000, 0x000000076b000000, 0x000000076b000000)
  object space 2785280K, 99% used [0x00000006c1000000,0x000000076afb82c8,0x000000076b000000)
 Metaspace       used 6039K, capacity 6160K, committed 6400K, reserved 1056768K
  class space    used 631K, capacity 692K, committed 768K, reserved 1048576K
Event: 356.026 GC heap after
Heap after GC invocations=740 (full 516):
 PSYoungGen      total 1368064K, used 1250946K [0x000000076b000000, 0x00000007c0000000, 0x00000007c0000000)
  eden space 1343488K, 93% used [0x000000076b000000,0x00000007b75a0878,0x00000007bd000000)
  from space 24576K, 0% used [0x00000007be800000,0x00000007be800000,0x00000007c0000000)
  to   space 24576K, 0% used [0x00000007bd000000,0x00000007bd000000,0x00000007be800000)
 ParOldGen       total 2785280K, used 2784992K [0x00000006c1000000, 0x000000076b000000, 0x000000076b000000)
  object space 2785280K, 99% used [0x00000006c1000000,0x000000076afb82c8,0x000000076b000000)
 Metaspace       used 6039K, capacity 6160K, committed 6400K, reserved 1056768K
  class space    used 631K, capacity 692K, committed 768K, reserved 1048576K
}
Event: 356.080 GC heap before
{Heap before GC invocations=741 (full 517):
 PSYoungGen      total 1368064K, used 1343488K [0x000000076b000000, 0x00000007c0000000, 0x00000007c0000000)
  eden space 1343488K, 100% used [0x000000076b000000,0x00000007bd000000,0x00000007bd000000)
  from space 24576K, 0% used [0x00000007be800000,0x00000007be800000,0x00000007c0000000)
  to   space 24576K, 0% used [0x00000007bd000000,0x00000007bd000000,0x00000007be800000)
 ParOldGen       total 2785280K, used 2784992K [0x00000006c1000000, 0x000000076b000000, 0x000000076b000000)
  object space 2785280K, 99% used [0x00000006c1000000,0x000000076afb82c8,0x000000076b000000)
 Metaspace       used 6039K, capacity 6160K, committed 6400K, reserved 1056768K
  class space    used 631K, capacity 692K, committed 768K, reserved 1048576K

Deoptimization events (10 events):
Event: 209.234 Thread 0x0000000023f10000 Uncommon trap: reason=class_check action=maybe_recompile pc=0x000000000523c0d8 method=nl.harmjanwestra.utilities.features.Feature.overlaps(Lnl/harmjanwestra/utilities/features/Feature;)Z @ 2
Event: 214.590 Thread 0x0000000023f39800 Uncommon trap: reason=unstable_if action=reinterpret pc=0x0000000005420020 method=nl.harmjanwestra.utilities.vcf.VCFTabix.getAllVariants(Lnl/harmjanwestra/utilities/features/Feature;[Z)Ljava/util/ArrayList; @ 25
Event: 218.014 Thread 0x0000000023f10000 Uncommon trap: reason=unstable_if action=reinterpret pc=0x00000000054384c0 method=nl.harmjanwestra.finemapping.rebuttal.QTLOverlap.getVariant(Lnl/harmjanwestra/utilities/features/Feature;Ljava/util/ArrayList;)Lnl/harmjanwestra/utilities/vcf/VCFVariant; @ 
Event: 219.998 Thread 0x0000000022758000 Uncommon trap: reason=unstable_if action=reinterpret pc=0x0000000005420020 method=nl.harmjanwestra.utilities.vcf.VCFTabix.getAllVariants(Lnl/harmjanwestra/utilities/features/Feature;[Z)Ljava/util/ArrayList; @ 25
Event: 257.098 Thread 0x0000000026a1d800 Uncommon trap: reason=unstable_if action=reinterpret pc=0x00000000054273d4 method=htsjdk.samtools.util.BlockCompressedInputStream.inflateBlock([BI)V @ 22
Event: 258.623 Thread 0x0000000026a1d800 Uncommon trap: reason=unstable_if action=reinterpret pc=0x0000000005466270 method=htsjdk.tribble.readers.TabixReader$IteratorImpl.next()Ljava/lang/String; @ 15
Event: 308.823 Thread 0x0000000022ba5800 Uncommon trap: reason=unstable_if action=reinterpret pc=0x0000000005420020 method=nl.harmjanwestra.utilities.vcf.VCFTabix.getAllVariants(Lnl/harmjanwestra/utilities/features/Feature;[Z)Ljava/util/ArrayList; @ 25
Event: 317.374 Thread 0x0000000022710000 Uncommon trap: reason=unstable_if action=reinterpret pc=0x0000000005420020 method=nl.harmjanwestra.utilities.vcf.VCFTabix.getAllVariants(Lnl/harmjanwestra/utilities/features/Feature;[Z)Ljava/util/ArrayList; @ 25
Event: 323.231 Thread 0x0000000026cd3000 Uncommon trap: reason=unstable_if action=reinterpret pc=0x0000000005420020 method=nl.harmjanwestra.utilities.vcf.VCFTabix.getAllVariants(Lnl/harmjanwestra/utilities/features/Feature;[Z)Ljava/util/ArrayList; @ 25
Event: 336.193 Thread 0x0000000026cd2800 Uncommon trap: reason=unstable_if action=reinterpret pc=0x0000000005420020 method=nl.harmjanwestra.utilities.vcf.VCFTabix.getAllVariants(Lnl/harmjanwestra/utilities/features/Feature;[Z)Ljava/util/ArrayList; @ 25

Classes redefined (0 events):
No events

Internal exceptions (10 events):
Event: 116.092 Thread 0x0000000022ba5800 Exception <a 'java/lang/ClassNotFoundException': sun/net/www/protocol/d/Handler> (0x000000079ed65830) thrown at [C:\re\workspace\8-2-build-windows-amd64-cygwin\jdk8u161\10277\hotspot\src\share\vm\classfile\systemDictionary.cpp, line 210]
Event: 116.116 Thread 0x0000000023f10000 Implicit null exception at 0x00000000050c0ff0 to 0x00000000050c101d
Event: 116.116 Thread 0x0000000022ba5800 Implicit null exception at 0x0000000005255432 to 0x00000000052555ad
Event: 116.116 Thread 0x0000000022758000 Implicit null exception at 0x0000000005255432 to 0x00000000052555ad
Event: 116.116 Thread 0x0000000023f39800 Implicit null exception at 0x0000000005255432 to 0x00000000052555ad
Event: 257.097 Thread 0x0000000026a1d800 Exception <a 'java/lang/OutOfMemoryError'> (0x00000006c1a11370) thrown at [C:\re\workspace\8-2-build-windows-amd64-cygwin\jdk8u161\10277\hotspot\src\share\vm\gc_interface/collectedHeap.inline.hpp, line 170]
Event: 257.097 Thread 0x0000000026a1d800 Exception <a 'java/lang/ClassNotFoundException': sun/net/www/protocol/d/Handler> (0x00000007bbbd1fb8) thrown at [C:\re\workspace\8-2-build-windows-amd64-cygwin\jdk8u161\10277\hotspot\src\share\vm\classfile\systemDictionary.cpp, line 210]
Event: 257.098 Thread 0x0000000026a1d800 Implicit null exception at 0x0000000005424dfc to 0x00000000054273c9
Event: 346.520 Thread 0x0000000026a1d800 Exception <a 'java/lang/OutOfMemoryError'> (0x00000006c1a18d68) thrown at [C:\re\workspace\8-2-build-windows-amd64-cygwin\jdk8u161\10277\hotspot\src\share\vm\gc_interface/collectedHeap.inline.hpp, line 170]
Event: 346.521 Thread 0x0000000026a1d800 Exception <a 'java/lang/ClassNotFoundException': sun/net/www/protocol/d/Handler> (0x00000007bbaa2050) thrown at [C:\re\workspace\8-2-build-windows-amd64-cygwin\jdk8u161\10277\hotspot\src\share\vm\classfile\systemDictionary.cpp, line 210]

Events (10 events):
Event: 354.274 Executing VM operation: ParallelGCFailedAllocation done
Event: 354.353 Executing VM operation: ParallelGCFailedAllocation
Event: 354.738 Executing VM operation: ParallelGCFailedAllocation done
Event: 354.794 Executing VM operation: ParallelGCFailedAllocation
Event: 355.178 Executing VM operation: ParallelGCFailedAllocation done
Event: 355.232 Executing VM operation: ParallelGCFailedAllocation
Event: 355.601 Executing VM operation: ParallelGCFailedAllocation done
Event: 355.657 Executing VM operation: ParallelGCFailedAllocation
Event: 356.026 Executing VM operation: ParallelGCFailedAllocation done
Event: 356.080 Executing VM operation: ParallelGCFailedAllocation


Dynamic libraries:
0x00007ff6d3d80000 - 0x00007ff6d3db7000 	C:\Program Files\Java\jdk1.8.0_161\bin\java.exe
0x00007ffaad130000 - 0x00007ffaad310000 	C:\WINDOWS\SYSTEM32\ntdll.dll
0x00007ffaab500000 - 0x00007ffaab5ae000 	C:\WINDOWS\System32\KERNEL32.DLL
0x00007ffaa9870000 - 0x00007ffaa9ad6000 	C:\WINDOWS\System32\KERNELBASE.dll
0x00007ffaad050000 - 0x00007ffaad0f1000 	C:\WINDOWS\System32\ADVAPI32.dll
0x00007ffaacec0000 - 0x00007ffaacf5d000 	C:\WINDOWS\System32\msvcrt.dll
0x00007ffaab3f0000 - 0x00007ffaab44b000 	C:\WINDOWS\System32\sechost.dll
0x00007ffaaaf20000 - 0x00007ffaab03f000 	C:\WINDOWS\System32\RPCRT4.dll
0x00007ffaab150000 - 0x00007ffaab2df000 	C:\WINDOWS\System32\USER32.dll
0x00007ffaa9850000 - 0x00007ffaa9870000 	C:\WINDOWS\System32\win32u.dll
0x00007ffaaaef0000 - 0x00007ffaaaf18000 	C:\WINDOWS\System32\GDI32.dll
0x00007ffaa9c10000 - 0x00007ffaa9da3000 	C:\WINDOWS\System32\gdi32full.dll
0x00007ffaa9580000 - 0x00007ffaa961b000 	C:\WINDOWS\System32\msvcp_win.dll
0x00007ffaa9db0000 - 0x00007ffaa9ea6000 	C:\WINDOWS\System32\ucrtbase.dll
0x00007ffa9c080000 - 0x00007ffa9c2e9000 	C:\WINDOWS\WinSxS\amd64_microsoft.windows.common-controls_6595b64144ccf1df_6.0.16299.248_none_15ced204935f55d7\COMCTL32.dll
0x00007ffaaaaf0000 - 0x00007ffaaadf8000 	C:\WINDOWS\System32\combase.dll
0x00007ffaa9b90000 - 0x00007ffaa9c02000 	C:\WINDOWS\System32\bcryptPrimitives.dll
0x00007ffaab3b0000 - 0x00007ffaab3dd000 	C:\WINDOWS\System32\IMM32.DLL
0x00000000580d0000 - 0x00000000581a2000 	C:\Program Files\Java\jdk1.8.0_161\jre\bin\msvcr100.dll
0x0000000057830000 - 0x00000000580cf000 	C:\Program Files\Java\jdk1.8.0_161\jre\bin\server\jvm.dll
0x00007ffaaccb0000 - 0x00007ffaaccb8000 	C:\WINDOWS\System32\PSAPI.DLL
0x00007ffa9d7c0000 - 0x00007ffa9d7c9000 	C:\WINDOWS\SYSTEM32\WSOCK32.dll
0x00007ffaab340000 - 0x00007ffaab3ac000 	C:\WINDOWS\System32\WS2_32.dll
0x00007ffaa3960000 - 0x00007ffaa396a000 	C:\WINDOWS\SYSTEM32\VERSION.dll
0x00007ffaa5f40000 - 0x00007ffaa5f63000 	C:\WINDOWS\SYSTEM32\WINMM.dll
0x00007ffaa5ee0000 - 0x00007ffaa5f0a000 	C:\WINDOWS\SYSTEM32\WINMMBASE.dll
0x00007ffaa9530000 - 0x00007ffaa957a000 	C:\WINDOWS\System32\cfgmgr32.dll
0x0000000057820000 - 0x000000005782f000 	C:\Program Files\Java\jdk1.8.0_161\jre\bin\verify.dll
0x00000000577f0000 - 0x0000000057819000 	C:\Program Files\Java\jdk1.8.0_161\jre\bin\java.dll
0x00000000577a0000 - 0x00000000577c3000 	C:\Program Files\Java\jdk1.8.0_161\jre\bin\instrument.dll
0x00000000577d0000 - 0x00000000577e6000 	C:\Program Files\Java\jdk1.8.0_161\jre\bin\zip.dll
0x00007ffaab720000 - 0x00007ffaacb56000 	C:\WINDOWS\System32\SHELL32.dll
0x00007ffaab450000 - 0x00007ffaab4f6000 	C:\WINDOWS\System32\shcore.dll
0x00007ffaa9eb0000 - 0x00007ffaaa5f7000 	C:\WINDOWS\System32\windows.storage.dll
0x00007ffaaae90000 - 0x00007ffaaaee1000 	C:\WINDOWS\System32\shlwapi.dll
0x00007ffaa9480000 - 0x00007ffaa9491000 	C:\WINDOWS\System32\kernel.appcore.dll
0x00007ffaa94e0000 - 0x00007ffaa952c000 	C:\WINDOWS\System32\powrprof.dll
0x00007ffaa94c0000 - 0x00007ffaa94db000 	C:\WINDOWS\System32\profapi.dll
0x00007ffaa3180000 - 0x00007ffaa319a000 	C:\Program Files\JetBrains\IntelliJ IDEA Community Edition 2017.3.1\bin\breakgen64.dll
0x0000000057780000 - 0x000000005779a000 	C:\Program Files\Java\jdk1.8.0_161\jre\bin\net.dll
0x00007ffaa89c0000 - 0x00007ffaa8a26000 	C:\WINDOWS\system32\mswsock.dll
0x0000000057760000 - 0x0000000057771000 	C:\Program Files\Java\jdk1.8.0_161\jre\bin\nio.dll
0x00007ffaa8f70000 - 0x00007ffaa9138000 	C:\WINDOWS\SYSTEM32\dbghelp.dll

VM Arguments:
jvm_args: -javaagent:C:\Program Files\JetBrains\IntelliJ IDEA Community Edition 2017.3.1\lib\idea_rt.jar=52007:C:\Program Files\JetBrains\IntelliJ IDEA Community Edition 2017.3.1\bin -Dfile.encoding=UTF-8 
java_command: nl.harmjanwestra.finemapping.rebuttal.QTLOverlap
java_class_path (initial): C:\Program Files\Java\jdk1.8.0_161\jre\lib\charsets.jar;C:\Program Files\Java\jdk1.8.0_161\jre\lib\deploy.jar;C:\Program Files\Java\jdk1.8.0_161\jre\lib\ext\access-bridge-64.jar;C:\Program Files\Java\jdk1.8.0_161\jre\lib\ext\cldrdata.jar;C:\Program Files\Java\jdk1.8.0_161\jre\lib\ext\dnsns.jar;C:\Program Files\Java\jdk1.8.0_161\jre\lib\ext\jaccess.jar;C:\Program Files\Java\jdk1.8.0_161\jre\lib\ext\jfxrt.jar;C:\Program Files\Java\jdk1.8.0_161\jre\lib\ext\localedata.jar;C:\Program Files\Java\jdk1.8.0_161\jre\lib\ext\nashorn.jar;C:\Program Files\Java\jdk1.8.0_161\jre\lib\ext\sunec.jar;C:\Program Files\Java\jdk1.8.0_161\jre\lib\ext\sunjce_provider.jar;C:\Program Files\Java\jdk1.8.0_161\jre\lib\ext\sunmscapi.jar;C:\Program Files\Java\jdk1.8.0_161\jre\lib\ext\sunpkcs11.jar;C:\Program Files\Java\jdk1.8.0_161\jre\lib\ext\zipfs.jar;C:\Program Files\Java\jdk1.8.0_161\jre\lib\javaws.jar;C:\Program Files\Java\jdk1.8.0_161\jre\lib\jce.jar;C:\Program Files\Java\jdk1.8.0_161\jre\lib\jfr.jar;C:\Program Files\Java\jdk1.8.0_161\jre\lib\jfxswt.jar;C:\Program Files\Java\jdk1.8.0_161\jre\lib\jsse.jar;C:\Program Files\Java\jdk1.8.0_161\jre\lib\management-agent.jar;C:\Program Files\Java\jdk1.8.0_161\jre\lib\plugin.jar;C:\Program Files\Java\jdk1.8.0_161\jre\lib\resources.jar;C:\Program Files\Java\jdk1.8.0_161\jre\lib\rt.jar;D:\Code\git\hmsprojects\FinemappingPaper\target\classes;D:\Code\git\hmsprojects\Utilities\target\classes;C:\Users\Harm-Jan Westra\.m2\repository\com\itextpdf\itextpdf\5.5.8\itextpdf-5.5.8.jar;C:\Users\Harm-Jan Westra\.m2\repository\net\sourceforge\parallelcolt\parallelcolt\0.10.1\parallelcolt-0.10.1.jar;C:\Users\Harm-Jan Westra\.m2\repository\net\sourceforge\jplasma\jplasma\1.2.0\jplasma-1.2.0.jar;C:\Users\Harm-Jan Westra\.m2\repository\net\sourceforge\jplasma\core-lapack\0.1\core-lapack-0.1.jar;C:\Users\Harm-Jan Westra\.m2\repository\net\sourceforge\f2j\arpack_combined_all\0.1\arpack_combined_all-0.1.jar;C:\Users\Harm-Jan Westra\.m2\reposit
Launcher Type: SUN_STANDARD

Environment Variables:
PATH=C:\Program Files (x86)\Common Files\Intel\Shared Libraries\redist\intel64\compiler;C:\ProgramData\Oracle\Java\javapath;C:\WINDOWS\system32;C:\WINDOWS;C:\WINDOWS\System32\Wbem;C:\WINDOWS\System32\WindowsPowerShell\v1.0\;C:\Program Files\Git\cmd;C:\Program Files (x86)\Skype\Phone\;C:\Users\Harm-Jan Westra\AppData\Local\Microsoft\WindowsApps;
USERNAME=Harm-Jan Westra
OS=Windows_NT
PROCESSOR_IDENTIFIER=AMD64 Family 23 Model 1 Stepping 1, AuthenticAMD



---------------  S Y S T E M  ---------------

OS: Windows 10.0 , 64 bit Build 16299 (10.0.16299.15)

CPU:total 16 (initial active 16) (16 cores per cpu, 1 threads per core) family 23 model 1 stepping 1, cmov, cx8, fxsr, mmx, sse, sse2, sse3, ssse3, sse4.1, sse4.2, popcnt, avx, avx2, aes, clmul, mmxext, 3dnowpref, lzcnt, sse4a, tsc, tscinvbit, tscinv, bmi1

Memory: 4k page, physical 16707424k(6420136k free), swap 20901728k(7901368k free)

vm_info: Java HotSpot(TM) 64-Bit Server VM (25.161-b12) for windows-amd64 JRE (1.8.0_161-b12), built on Dec 19 2017 17:52:25 by "java_re" with MS VC++ 10.0 (VS2010)

time: Mon Feb 19 20:17:37 2018
elapsed time: 356 seconds (0d 0h 5m 56s)

